Base path: C:/Program Files/Unity/Editor/Data
Pipe name: \\.\pipe\UnityShaderCompiler-64bit-1-4004
Cmd: getPlatforms
Cmd: preprocess
  insize=2483 outsize=1166 ok=1
Cmd: compileSnippet
  error: 2 plat 1 at (37): 'tex2Dproj': no matching 2 parameter intrinsic function; Possible intrinsic functions are: tex2Dproj(sampler2D, float4|half4|min10float4|min16float4)\nCompiling Vertex program
  api=1 type=0 insize=1623 outsize=0 kw= ok=0
Cmd: compileSnippet
  api=1 type=0 insize=1705 outsize=169 kw=SOFTPARTICLES_OFF ok=1
Cmd: compileSnippet
  api=1 type=1 insize=1705 outsize=115 kw=SOFTPARTICLES_OFF ok=1
Cmd: compileSnippet
  api=1 type=0 insize=1329 outsize=495 kw= ok=1
Cmd: compileSnippet
  api=1 type=1 insize=1329 outsize=240 kw= ok=1
Cmd: compileSnippet
  api=1 type=0 insize=1325 outsize=495 kw= ok=1
Cmd: compileSnippet
  api=1 type=1 insize=1325 outsize=240 kw= ok=1
Cmd: compileSnippet
  api=1 type=0 insize=1325 outsize=495 kw= ok=1
Cmd: compileSnippet
  api=1 type=1 insize=1325 outsize=240 kw= ok=1
Cmd: compileSnippet
  api=1 type=0 insize=1329 outsize=495 kw= ok=1
Cmd: compileSnippet
  api=1 type=1 insize=1329 outsize=240 kw= ok=1
Cmd: compileSnippet
  api=1 type=0 insize=1317 outsize=495 kw= ok=1
Cmd: compileSnippet
  api=1 type=1 insize=1317 outsize=240 kw= ok=1
Cmd: compileSnippet
  api=1 type=0 insize=1327 outsize=495 kw= ok=1
Cmd: compileSnippet
  api=1 type=1 insize=1327 outsize=240 kw= ok=1
Cmd: compileSnippet
  api=1 type=0 insize=1642 outsize=169 kw=SOFTPARTICLES_OFF ok=1
Cmd: compileSnippet
  api=1 type=1 insize=1642 outsize=115 kw=SOFTPARTICLES_OFF ok=1
Cmd: compileSnippet
  api=1 type=0 insize=959 outsize=144 kw= ok=1
Cmd: compileSnippet
  api=1 type=1 insize=959 outsize=66 kw= ok=1
Cmd: compileSnippet
  api=1 type=0 insize=990 outsize=144 kw= ok=1
Cmd: compileSnippet
  api=1 type=1 insize=990 outsize=103 kw= ok=1
